[1] "Read gmma_fit_global.rda"
[1] "Base line initial fit: dG_wt   0.00, B_max   1.00, B_D   0.00"
[1] "Base line global fit : dG_wt   0.32, B_max   1.00, B_D   0.00"
[1] "=== GMMA Settings ==="
$taa_letters
[1] 1

$RT
[1] 0.5955

$RT_unit
[1] "kcal/mol (at 300 K)"

$dG_wt_input
[1] NA

$active_cut
[1] 0.5

$inactive_cut
[1] 0.5

$init_mean
[1] 0

$init_sd
[1] 0.5

$glob_ddG_max
[1] 10

$glob_ddG_min
[1] -5

[1] "Global fit result (1): Relative error in the sum of squares is at most `ftol'."
[1] "Estimated 77 parameters from 160000 data points (159923 degrees of freedom)"
[1] "Sum-of-squares 1462.75 in 16 iterations"
[1] "Chi-squared: 1462.746 (using WT uncertainty 1.00)"
[1] "Reduced chi-squared: 0.009"
quartz 
     2 
[1] "Reciprocal condition number of Hessian: 1.7e-13"
[1] "If this is very low, consider reparamerizing some variables to avoid covarying parameters"
[1] "Std. error of global parameters"
$dG_wt
[1] 0.2756

[1] "Substitutions not in global fit: 0"
[1] "data-to-parameters factor: 1.000 (should be close to one but smaller)"
[1] "Calculate data subset uncertainties"
[1] "Estimating stability and std errors for 0 substitutions with gmma=='hanging'"
[1] "Total estimated ddG's 76 out of 76. Total missing 0"
[1] "Total estimated std. errors 76 out of 76. Total missing 0"
quartz 
     2 
[1] "Discarding 5 substitutions (out of 76) with high uncertainties"
[1] "Top25 substitutions"
     i resi taa  obs signal note active inactive init_m init_ddG gmma gmma_reparam ddG_glob     se stderr_meas stderr_meas_est stderr_fit stderr_fit_est suberr  obserr stderr_subfit_est rank
A1S 15    1   S 8000      1         386     7614   none  0.09155  use           NA -0.14386 0.1408      0.4225        0.004723    0.01347      0.0001506 2.0330 0.04472         0.0003061    1
V2L 29    2   L 8000      1         186     7814   none -0.33463  use           NA -0.12562 0.2006      0.6017        0.006728    0.01918      0.0002145 1.4061 0.04472         0.0003016    2
T4S 73    4   S 8000      0         160     7840   none -0.16536  use           NA -0.10326 0.2283      0.6850        0.007659    0.02184      0.0002442 1.3287 0.04472         0.0003244    3
S3L 48    3   L 8000      1         295     7705   none  0.43544  use           NA -0.08196 0.2025      0.6076        0.006793    0.01937      0.0002165 1.9038 0.04472         0.0004123    4
S3A 39    3   A 8000      1         161     7839   none  0.72271  use           NA -0.02407 0.2076      0.6229        0.006965    0.01986      0.0002220 1.3241 0.04472         0.0002940    5
V2T 36    2   T 8000      1         182     7818   none  0.86916  use           NA  0.03535 0.2153      0.6460        0.007223    0.02059      0.0002303 1.4589 0.04472         0.0003359    6
V2A 20    2   A 8000      1         189     7811   none  0.28544  use           NA  0.03582 0.2154      0.6462        0.007224    0.02060      0.0002303 1.4923 0.04472         0.0003437    7
S3T 54    3   T 8000      1         138     7862   none -0.22477  use           NA  0.03648 0.2137      0.6411        0.007168    0.02044      0.0002285 1.2207 0.04472         0.0002789    8
T4A 58    4   A 8000      0         117     7883   none  0.55725  use           NA  0.05093 0.2443      0.7329        0.008194    0.02336      0.0002612 1.1492 0.04472         0.0003002    9
T4V 74    4   V 8000      1         163     7837   none -0.14800  use           NA  0.05209 0.2444      0.7333        0.008199    0.02338      0.0002614 1.3981 0.04472         0.0003654   10
S3G 44    3   G 8000      0         132     7868   none  0.13151  use           NA  0.09458 0.2203      0.6608        0.007388    0.02107      0.0002355 1.2215 0.04472         0.0002877   11
T4C 59    4   C 8000      0         129     7871   none -0.39678  use           NA  0.12289 0.2537      0.7610        0.008508    0.02426      0.0002712 1.2352 0.04472         0.0003350   12
V2M 30    2   M 8000      0         110     7890   none  0.13064  use           NA  0.12829 0.2265      0.6794        0.007595    0.02166      0.0002421 1.0946 0.04472         0.0002650   13
T4Y 76    4   Y 8000      1          92     7908   none -0.28673  use           NA  0.13424 0.2553      0.7658        0.008562    0.02441      0.0002730 1.0074 0.04472         0.0002750   14
V2C 21    2   C 8000      0         194     7806   none  0.11040  use           NA  0.13561 0.2274      0.6822        0.007627    0.02175      0.0002431 1.5511 0.04472         0.0003771   15
T4H 64    4   H 8000      0          96     7904   none  0.44531  use           NA  0.19987 0.2653      0.7960        0.008899    0.02537      0.0002837 1.0567 0.04472         0.0002998   16
S3V 55    3   V 8000      1         111     7889   none  0.05952  use           NA  0.20272 0.2348      0.7045        0.007876    0.02246      0.0002511 1.1298 0.04472         0.0002837   17
V2I 27    2   I 8000      1         198     7802   none -0.80543  use           NA  0.22179 0.2400      0.7199        0.008048    0.02295      0.0002566 1.5864 0.04472         0.0004070   18
T4L 67    4   L 8000      0         152     7848   none  0.06199  use           NA  0.27494 0.2785      0.8356        0.009342    0.02664      0.0002978 1.3953 0.04472         0.0004155   19
T4G 63    4   G 8000      0          86     7914   none  0.07751  use           NA  0.35294 0.2946      0.8837        0.009880    0.02817      0.0003150 1.0272 0.04472         0.0003235   20
T4I 65    4   I 8000      0         134     7866   none -0.14867  use           NA  0.35457 0.2949      0.8847        0.009891    0.02820      0.0003153 1.3115 0.04472         0.0004136   21
T4Q 71    4   Q 8000      0          78     7922   none -0.37429  use           NA  0.36101 0.2964      0.8891        0.009941    0.02834      0.0003169 0.9701 0.04472         0.0003074   22
S3M 49    3   M 8000      1         137     7863   none  0.88664  use           NA  0.36141 0.2628      0.7885        0.008816    0.02514      0.0002811 1.3137 0.04472         0.0003692   23
A1G  5    1   G 8000      0         175     7825   none  0.26614  use           NA  0.37194 0.1880      0.5640        0.006306    0.01798      0.0002010 1.4537 0.04472         0.0002922   24
S3C 40    3   C 8000      1         113     7887   none -0.08906  use           NA  0.45994 0.2853      0.8558        0.009568    0.02728      0.0003050 1.1966 0.04472         0.0003650   25
[1] "Of 71 sig. subst., 0 (0.0%)  19 (26.8%)  52 (73.2%)  are stabilizing, neutral and destabilizing respectively."
[1] "Method of ddG_glob vs. method of ddG_init"
          subst$init_m
subst$gmma none
       use   76
[1] "Substantial fit vs. method of ddG_init"
        subst$init_m
sig      none
  sig      71
  un-sig    5
quartz 
     2 
[1] "Dumped residue.txt"
[1] "Dumped subst.csv and mutant.csv"
[1] ""
[1] "Stabil positions (resi+2)"
[1] "A3, V4, S5, T6"
[1] "PyMol notation (resi+2):"
[1] "3+4+5+6"
[1] ""
[1] "Tolerant positions (resi+2)"
[1] ""
[1] "PyMol notation (resi+2):"
[1] ""
[1] ""
[1] "Positions with engineering potential (resi+2)"
[1] ""
[1] "PyMol notation (resi+2):"
[1] ""
[1] ""
[1] "stabilizing substitution at unstable positions"
[1] ""
[1] "stabilizing substitution at possible unstable positions"
[1] ""
[1] "Effect of sig. substitutions from Gly:"

   stab  destab     neu unknown 
      0       0       0       0 
[1] "Efect of sig. substitutions from His:"

   stab  destab     neu unknown 
      0       0       0       0 
[1] "Post-processing done, dumped gmma_result.rda."
